<?xml version="1.0" encoding="UTF-8"?>
<!-- Generated by org.testng.reporters.JUnitReportReporter -->
<testsuite hostname="IN-D-JTIDA" failures="0" tests="2" name="com.myProject.runners.CukesRunner" time="54.186" errors="0" timestamp="2024-11-20T05:33:10 IST" skipped="0">
  <testcase classname="com.myProject.runners.CukesRunner" name="runScenario" time="36.587"/>
  <testcase classname="com.myProject.runners.CukesRunner" name="runScenario" time="17.599"/>
</testsuite> <!-- com.myProject.runners.CukesRunner -->
